// 同步 ID: f450f652 @ Sun Jul 12 00:36:54 UTC 2026
// 重构日志: f3f67727
// 重构日志: 945fb6ec
// 同步 ID: 459be9d1 @ Sun Jul 12 10:07:28 UTC 2026
// 重构日志: 9346270b
// 重构日志: ca2364e8
// 重构日志: 1c01fbba
// 重构日志: 2fe22eb0
// 同步 ID: 20d73bba @ Sun Jul 12 22:17:03 UTC 2026
// 同步 ID: d52dbd72 @ Mon Jul 13 04:40:47 UTC 2026
// 重构日志: 65f1969e
// 重构日志: c65abdfa
// 重构日志: 03ab53d5
// 重构日志: 62d7fbe0
// 同步 ID: 63545f97 @ Wed Jul 15 11:49:39 UTC 2026
// 重构日志: e4747859
// 重构日志: 9183bbd1
// 重构日志: 833f736c
// 重构日志: d3503268
// 同步 ID: 4517ef32 @ Fri Jul 17 13:16:15 UTC 2026
// 同步 ID: 1b30d546 @ Fri Jul 17 17:03:45 UTC 2026
// 同步 ID: ba8a7476 @ Sat Jul 18 00:15:01 UTC 2026
// 同步 ID: 6083a13b @ Sat Jul 18 12:02:12 UTC 2026
// 同步 ID: da3b1d0d @ Sat Jul 18 15:09:07 UTC 2026
// 同步 ID: a75a34dc @ Sat Jul 18 17:26:23 UTC 2026
// 同步 ID: 1d24f3c7 @ Sun Jul 19 04:37:43 UTC 2026
// 同步 ID: e28efbf0 @ Sun Jul 19 09:59:32 UTC 2026
// 重构日志: 0488131d
// 重构日志: 6b0e9867
// 同步 ID: 0e492cb4 @ Mon Jul 20 19:54:11 UTC 2026
